<?xml version="1.0" encoding="UTF-8"?>
<!-- Generated by org.testng.reporters.JUnitReportReporter -->
<testsuite skipped="0" hostname="Kamal-PC" name="com.selenium.yatra.tests.BookNowTest" tests="2" failures="0" timestamp="2020-09-29T00:57:00 IST" time="40.154" errors="0">
  <testcase name="testBooking" time="21.276" classname="com.selenium.yatra.tests.BookNowTest"/>
  <testcase name="testBooking" time="18.878" classname="com.selenium.yatra.tests.BookNowTest"/>
</testsuite> <!-- com.selenium.yatra.tests.BookNowTest -->
