<?xml version="1.0" encoding="UTF-8"?>
<!-- Generated by org.testng.reporters.JUnitReportReporter -->
<testsuite hostname="Kamal-PC" name="com.temp.DataProviderTest" tests="4" failures="0" timestamp="24 Sep 2020 05:37:47 GMT" time="0.014" errors="0">
  <testcase name="testDP" time="0.001" classname="com.temp.DataProviderTest"/>
  <testcase name="testDP" time="0.001" classname="com.temp.DataProviderTest"/>
  <testcase name="testDP" time="0.011" classname="com.temp.DataProviderTest"/>
  <testcase name="testDP" time="0.001" classname="com.temp.DataProviderTest"/>
</testsuite> <!-- com.temp.DataProviderTest -->
