<?xml version="1.0" encoding="UTF-8"?>
<!-- Generated by org.testng.reporters.JUnitReportReporter -->
<testsuite hostname="Kamal-PC" name="com.selenium.yatra.tests.BookNowTest" tests="2" failures="0" timestamp="28 Sep 2020 19:03:05 GMT" time="38.179" errors="0">
  <testcase name="testBooking" time="18.387" classname="com.selenium.yatra.tests.BookNowTest"/>
  <testcase name="testBooking" time="19.792" classname="com.selenium.yatra.tests.BookNowTest"/>
</testsuite> <!-- com.selenium.yatra.tests.BookNowTest -->
