<?xml version="1.0" encoding="UTF-8"?>
<!-- Generated by org.testng.reporters.JUnitReportReporter -->
<testsuite hostname="Kamal-PC" name="com.selenium.yatra.tests.SearchFlightsTest" tests="1" failures="0" timestamp="28 Sep 2020 19:03:05 GMT" time="5.672" errors="0">
  <testcase name="testSearchFlights" time="5.672" classname="com.selenium.yatra.tests.SearchFlightsTest"/>
</testsuite> <!-- com.selenium.yatra.tests.SearchFlightsTest -->
